<?xml version="1.0" encoding="UTF-8"?>
<!-- Generated by org.testng.reporters.JUnitXMLReporter -->
<testsuite ignored="0" hostname="DESKTOP-21DHAL0" failures="0" tests="3" name="Default test" time="14.009" errors="0" timestamp="2022-09-11T23:47:35 IST">
  <testcase classname="DataDrivenTest" name="loginTest" time="5.975"/>
  <testcase classname="DataDrivenTest" name="loginTest" time="1.723"/>
  <testcase classname="DataDrivenTest" name="loginTest" time="2.42"/>
</testsuite> <!-- Default test -->
