<?xml version="1.0" encoding="UTF-8"?>
<testng-results ignored="0" total="3" passed="3" failed="0" skipped="0">
  <reporter-output>
  </reporter-output>
  <suite started-at="2022-09-11T23:47:21 IST" name="Default suite" finished-at="2022-09-11T23:47:35 IST" duration-ms="14009">
    <groups>
    </groups>
    <test started-at="2022-09-11T23:47:21 IST" name="Default test" finished-at="2022-09-11T23:47:35 IST" duration-ms="14009">
      <class name="DataDrivenTest">
        <test-method is-config="true" signature="setup()[pri:0, instance:DataDrivenTest@76b1e9b8]" started-at="2022-09-11T23:47:21 IST" name="setup" finished-at="2022-09-11T23:47:24 IST" duration-ms="3313" status="PASS">
          <reporter-output>
          </reporter-output>
        </test-method> <!-- setup -->
        <test-method signature="loginTest(java.lang.String,java.lang.String,java.lang.String)[pri:0, instance:DataDrivenTest@76b1e9b8]" started-at="2022-09-11T23:47:24 IST" name="loginTest" data-provider="LoginData" finished-at="2022-09-11T23:47:30 IST" duration-ms="5975" status="PASS">
          <params>
            <param index="0">
              <value>
                <![CDATA[naveenbhog00@gmail.com]]>
              </value>
            </param>
            <param index="1">
              <value>
                <![CDATA[navi@8722]]>
              </value>
            </param>
            <param index="2">
              <value>
                <![CDATA[Valid]]>
              </value>
            </param>
          </params>
          <reporter-output>
          </reporter-output>
        </test-method> <!-- loginTest -->
        <test-method signature="loginTest(java.lang.String,java.lang.String,java.lang.String)[pri:0, instance:DataDrivenTest@76b1e9b8]" started-at="2022-09-11T23:47:30 IST" name="loginTest" data-provider="LoginData" finished-at="2022-09-11T23:47:32 IST" duration-ms="1723" status="PASS">
          <params>
            <param index="0">
              <value>
                <![CDATA[naveenbhog00@gmail.com]]>
              </value>
            </param>
            <param index="1">
              <value>
                <![CDATA[navi%8722]]>
              </value>
            </param>
            <param index="2">
              <value>
                <![CDATA[Invalid]]>
              </value>
            </param>
          </params>
          <reporter-output>
          </reporter-output>
        </test-method> <!-- loginTest -->
        <test-method signature="loginTest(java.lang.String,java.lang.String,java.lang.String)[pri:0, instance:DataDrivenTest@76b1e9b8]" started-at="2022-09-11T23:47:32 IST" name="loginTest" data-provider="LoginData" finished-at="2022-09-11T23:47:34 IST" duration-ms="2420" status="PASS">
          <params>
            <param index="0">
              <value>
                <![CDATA[naveenbhog00@gmail.com]]>
              </value>
            </param>
            <param index="1">
              <value>
                <![CDATA[navi@9722]]>
              </value>
            </param>
            <param index="2">
              <value>
                <![CDATA[Invalid]]>
              </value>
            </param>
          </params>
          <reporter-output>
          </reporter-output>
        </test-method> <!-- loginTest -->
        <test-method is-config="true" signature="teardown()[pri:0, instance:DataDrivenTest@76b1e9b8]" started-at="2022-09-11T23:47:34 IST" name="teardown" finished-at="2022-09-11T23:47:35 IST" duration-ms="501" status="PASS">
          <reporter-output>
          </reporter-output>
        </test-method> <!-- teardown -->
      </class> <!-- DataDrivenTest -->
    </test> <!-- Default test -->
  </suite> <!-- Default suite -->
</testng-results>
